<?xml version="1.0" encoding="UTF-8"?>
<!-- Generated by org.testng.reporters.JUnitXMLReporter -->
<testsuite ignored="0" hostname="Sreenivasa" failures="1" tests="5" name="Test" time="47.381" errors="0" timestamp="2023-09-14T10:09:15 EDT">
  <testcase classname="script.DemoTest" name="testA" time="1.352"/>
  <testcase classname="script.DemoTest2" name="testB" time="0.011"/>
  <testcase classname="script.DemoTest2a" name="testB" time="0.008">
    <failure type="java.lang.AssertionError" message="null">
      <![CDATA[java.lang.AssertionError: null
at script.DemoTest2a.testB(DemoTest2a.java:17)
at java.base/java.util.ArrayList.forEach(ArrayList.java:1511)
... Removed 27 stack frames]]>
    </failure>
  </testcase> <!-- testB -->
  <testcase classname="script.InvalidLogin" name="testInvalidLogin" time="0.973"/>
  <testcase classname="script.ValidLogin" name="testValidLogin" time="2.506"/>
</testsuite> <!-- Test -->
