<?xml version="1.0" encoding="UTF-8"?>
<testng-results ignored="0" total="1" passed="1" failed="0" skipped="0">
  <reporter-output>
    <line>
      <![CDATA[Login Page is displayed]]>
    </line>
  </reporter-output>
  <suite started-at="2023-09-14T10:38:14 EDT" name="Default suite" finished-at="2023-09-14T10:38:21 EDT" duration-ms="7115">
    <groups>
      <group name="regression">
        <method signature="ValidLoginLogout.testValidLogin()[pri:3, instance:script.ValidLoginLogout@7b2bbc3]" name="testValidLogin" class="script.ValidLoginLogout"/>
      </group> <!-- regression -->
      <group name="smoke">
        <method signature="ValidLoginLogout.testValidLogin()[pri:3, instance:script.ValidLoginLogout@7b2bbc3]" name="testValidLogin" class="script.ValidLoginLogout"/>
      </group> <!-- smoke -->
    </groups>
    <test started-at="2023-09-14T10:38:14 EDT" name="Default test" finished-at="2023-09-14T10:38:21 EDT" duration-ms="7115">
      <class name="script.ValidLoginLogout">
        <test-method is-config="true" signature="preCondition(java.lang.String,java.lang.String,java.lang.String,java.lang.String,java.lang.String,java.lang.String)[pri:0, instance:script.ValidLoginLogout@7b2bbc3]" started-at="2023-09-14T10:38:14 EDT" name="preCondition" finished-at="2023-09-14T10:38:18 EDT" duration-ms="3762" status="PASS">
          <params>
            <param index="0">
              <value>
                <![CDATA[no]]>
              </value>
            </param>
            <param index="1">
              <value>
                <![CDATA[http://localhost:4444]]>
              </value>
            </param>
            <param index="2">
              <value>
                <![CDATA[chrome]]>
              </value>
            </param>
            <param index="3">
              <value>
                <![CDATA[https://demo.actitime.com]]>
              </value>
            </param>
            <param index="4">
              <value>
                <![CDATA[10]]>
              </value>
            </param>
            <param index="5">
              <value>
                <![CDATA[10]]>
              </value>
            </param>
          </params>
          <reporter-output>
          </reporter-output>
        </test-method> <!-- preCondition -->
        <test-method signature="testValidLogin()[pri:3, instance:script.ValidLoginLogout@7b2bbc3]" started-at="2023-09-14T10:38:18 EDT" name="testValidLogin" finished-at="2023-09-14T10:38:21 EDT" duration-ms="3127" status="PASS">
          <reporter-output>
            <line>
              <![CDATA[Login Page is displayed]]>
            </line>
          </reporter-output>
        </test-method> <!-- testValidLogin -->
        <test-method is-config="true" signature="postCondition(org.testng.ITestResult)[pri:0, instance:script.ValidLoginLogout@7b2bbc3]" started-at="2023-09-14T10:38:21 EDT" name="postCondition" finished-at="2023-09-14T10:38:21 EDT" duration-ms="180" status="PASS">
          <params>
            <param index="0">
              <value>
                <![CDATA[[TestResult name=testValidLogin status=SUCCESS method=ValidLoginLogout.testValidLogin()[pri:3, instance:script.ValidLoginLogout@7b2bbc3] output=Login Page is displayed]]]>
              </value>
            </param>
          </params>
          <reporter-output>
          </reporter-output>
        </test-method> <!-- postCondition -->
      </class> <!-- script.ValidLoginLogout -->
    </test> <!-- Default test -->
  </suite> <!-- Default suite -->
</testng-results>
